<?xml version="1.0" encoding="UTF-8"?>
<!-- Generated by org.testng.reporters.JUnitReportReporter -->
<testsuite skipped="0" hostname="sagar-PC" name="SumValidation" tests="1" failures="0" timestamp="2020-04-29T21:37:13 IST" time="4.085" errors="0">
  <testcase name="sumOfCourses" time="4.085" classname="SumValidation"/>
  <system-out/>
</testsuite> <!-- SumValidation -->
