<?xml version="1.0" encoding="UTF-8"?>
<!-- Generated by org.testng.reporters.JUnitReportReporter -->
<testsuite skipped="0" hostname="sagar-PC" name="RestBasic" tests="1" failures="0" timestamp="2020-04-27T12:53:46 IST" time="7.981" errors="0">
  <testcase name="test1" time="7.981" classname="RestBasic"/>
  <system-out/>
</testsuite> <!-- RestBasic -->
